<?xml version="1.0" encoding="UTF-8"?>
<!-- Generated by org.testng.reporters.JUnitReportReporter -->
<testsuite hostname="DESKTOP-KG418EV" failures="0" tests="12" name="com.nopcommerce.user.LoginTest" time="63.911" errors="0" timestamp="2024-05-07T18:57:03 ICT" skipped="0">
  <testcase classname="com.nopcommerce.user.LoginTest" name="Login_04_Existing_Email_Empty_Password" time="5.665"/>
  <system-out/>
  <testcase classname="com.nopcommerce.user.LoginTest" name="Login_04_Existing_Email_Empty_Password" time="4.428"/>
  <system-out/>
  <testcase classname="com.nopcommerce.user.LoginTest" name="Login_02_Invalid_Email" time="4.577"/>
  <system-out/>
  <testcase classname="com.nopcommerce.user.LoginTest" name="Login_06_Success" time="5.703"/>
  <system-out/>
  <testcase classname="com.nopcommerce.user.LoginTest" name="Login_06_Success" time="2.759"/>
  <system-out/>
  <testcase classname="com.nopcommerce.user.LoginTest" name="Login_02_Invalid_Email" time="4.752"/>
  <system-out/>
  <testcase classname="com.nopcommerce.user.LoginTest" name="Login_03_Email_Not_Found" time="4.741"/>
  <system-out/>
  <testcase classname="com.nopcommerce.user.LoginTest" name="Login_01_Empty_Data" time="6.066"/>
  <system-out/>
  <testcase classname="com.nopcommerce.user.LoginTest" name="Login_05_Existing_Email_Incorrect_Password" time="3.499"/>
  <system-out/>
  <testcase classname="com.nopcommerce.user.LoginTest" name="Login_05_Existing_Email_Incorrect_Password" time="7.576"/>
  <system-out/>
  <testcase classname="com.nopcommerce.user.LoginTest" name="Login_01_Empty_Data" time="5.076"/>
  <system-out/>
  <testcase classname="com.nopcommerce.user.LoginTest" name="Login_03_Email_Not_Found" time="9.069"/>
  <system-out/>
</testsuite> <!-- com.nopcommerce.user.LoginTest -->
